2019-04-28 11:04:03,827 -  case - DEBUG - sdfsdfsdf - [loging.py:34 ]
2019-04-28 11:12:56,697 -  case - DEBUG - sdfsdfsdf - [loging.py:34 ]
2019-04-28 11:18:04,642 -  作业.cng - DEBUG - sdfsdfsdf - [loging.py:34 ]
2019-04-28 11:19:09,858 -  作业.cng - DEBUG - sdfsdfsdf - [loging.py:34 ]
2019-04-28 11:43:13,076 -  __name__ - DEBUG - sdfsdfsdf - [loging.py:34 ]
2019-07-06 18:11:18,073 -  test_patsplitsub - INFO - 准备测试前置 - [loging.py:37 ]
2019-07-06 18:11:18,095 -  test_patsplitsub - INFO - 开始测试:登录成功 - [loging.py:37 ]
2019-07-06 18:11:19,164 -  test_patsplitsub - ERROR - 报错:'ok' != '登录成功'
- ok
+ 登录成功
 - [loging.py:41 ]
2019-07-06 18:11:19,187 -  test_patsplitsub - INFO - 开始测试:新建患者成功 - [loging.py:37 ]
2019-07-06 18:11:19,194 -  common.context - ERROR - 找不到参数化的值:No option 'patientname' in section: 'data' - [loging.py:41 ]
2019-07-06 18:11:19,215 -  test_patsplitsub - INFO - 开始测试:分诊成功 - [loging.py:37 ]
2019-07-06 18:11:19,221 -  common.context - ERROR - 找不到参数化的值:No option 'customerid' in section: 'data' - [loging.py:41 ]
2019-07-06 18:11:19,228 -  test_patsplitsub - INFO - 测试后置处理 - [loging.py:37 ]
2019-07-06 18:14:18,675 -  test_patsplitsub - INFO - 准备测试前置 - [loging.py:37 ]
2019-07-06 18:14:18,687 -  test_patsplitsub - INFO - 开始测试:登录成功 - [loging.py:37 ]
2019-07-06 18:14:19,359 -  test_patsplitsub - ERROR - 报错:'ok' != '登录成功'
- ok
+ 登录成功
 - [loging.py:41 ]
2019-07-06 18:14:19,373 -  test_patsplitsub - INFO - 开始测试:新建患者成功 - [loging.py:37 ]
2019-07-06 18:14:19,381 -  common.context - ERROR - 找不到参数化的值:No option 'patientname' in section: 'data' - [loging.py:41 ]
2019-07-06 18:14:19,394 -  test_patsplitsub - INFO - 开始测试:分诊成功 - [loging.py:37 ]
2019-07-06 18:14:19,401 -  common.context - ERROR - 找不到参数化的值:No option 'customerid' in section: 'data' - [loging.py:41 ]
2019-07-06 18:14:19,411 -  test_patsplitsub - INFO - 测试后置处理 - [loging.py:37 ]
2019-07-06 18:35:39,274 -  test_patsplitsub - INFO - 准备测试前置 - [loging.py:37 ]
2019-07-06 18:35:39,297 -  test_patsplitsub - INFO - 开始测试:登录成功 - [loging.py:37 ]
2019-07-06 18:35:39,823 -  test_patsplitsub - INFO - 结束测试:登录成功 - [loging.py:37 ]
2019-07-06 18:35:39,829 -  test_patsplitsub - INFO - 开始测试:新建患者成功 - [loging.py:37 ]
2019-07-06 18:35:40,130 -  test_patsplitsub - INFO - 开始测试:分诊成功 - [loging.py:37 ]
2019-07-06 18:35:40,138 -  common.context - ERROR - 找不到参数化的值:No option 'customerid' in section: 'data' - [loging.py:41 ]
2019-07-06 18:35:40,181 -  test_patsplitsub - INFO - 测试后置处理 - [loging.py:37 ]
2019-07-06 18:37:45,765 -  test_patsplitsub - INFO - 准备测试前置 - [loging.py:37 ]
2019-07-06 18:37:45,779 -  test_patsplitsub - INFO - 开始测试:登录成功 - [loging.py:37 ]
2019-07-06 18:37:46,225 -  test_patsplitsub - INFO - 结束测试:登录成功 - [loging.py:37 ]
2019-07-06 18:37:46,230 -  test_patsplitsub - INFO - 开始测试:新建患者成功 - [loging.py:37 ]
2019-07-06 18:37:46,600 -  test_patsplitsub - INFO - 开始测试:分诊成功 - [loging.py:37 ]
2019-07-06 18:37:46,607 -  common.context - ERROR - 找不到参数化的值:No option 'customerid' in section: 'data' - [loging.py:41 ]
2019-07-06 18:37:46,616 -  test_patsplitsub - INFO - 测试后置处理 - [loging.py:37 ]
